<?xml version='1.0' encoding='UTF-8'?>
<testsuite hostname="apples-MacBook-Pro-2.local" name="learn.LoglossSpec" tests="1" errors="0" failures="1" time="0.592">
                     <properties>
[...]
</properties>
                     <testcase classname="learn.LoglossSpec" name="5)) should equal log one half" time="0.592">
                                                 <failure message="Job aborted due to stage failure: Task serialization failed: java.lang.NullPointerException
org.apache.spark.broadcast.TorrentBroadcast.&lt;init&gt;(TorrentBroadcast.scala:80)
org.apache.spark.broadcast.TorrentBroadcastFactory.newBroadcast(TorrentBroadcastFactory.scala:34)
org.apache.spark.broadcast.BroadcastManager.newBroadcast(BroadcastManager.scala:63)
org.apache.spark.SparkContext.broadcast(SparkContext.scala:1326)
org.apache.spark.scheduler.DAGScheduler.submitMissingTasks(DAGScheduler.scala:1006)
org.apache.spark.scheduler.DAGScheduler.org$apache$spark$scheduler$DAGScheduler$$submitStage(DAGScheduler.scala:921)
org.apache.spark.scheduler.DAGScheduler.handleJobSubmitted(DAGScheduler.scala:861)
org.apache.spark.scheduler.DAGSchedulerEventProcessLoop.doOnReceive(DAGScheduler.scala:1607)
org.apache.spark.scheduler.DAGSchedulerEventProcessLoop.onReceive(DAGScheduler.scala:1599)
org.apache.spark.scheduler.DAGSchedulerEventProcessLoop.onReceive(DAGScheduler.scala:1588)
org.apache.spark.util.EventLoop$$anon$1.run(EventLoop.scala:48)
" type="org.apache.spark.SparkException">org.apache.spark.SparkException: Job aborted due to stage failure: Task serialization failed: java.lang.NullPointerException
org.apache.spark.broadcast.TorrentBroadcast.&lt;init&gt;(TorrentBroadcast.scala:80)
org.apache.spark.broadcast.TorrentBroadcastFactory.newBroadcast(TorrentBroadcastFactory.scala:34)
org.apache.spark.broadcast.BroadcastManager.newBroadcast(BroadcastManager.scala:63)
org.apache.spark.SparkContext.broadcast(SparkContext.scala:1326)
org.apache.spark.scheduler.DAGScheduler.submitMissingTasks(DAGScheduler.scala:1006)
org.apache.spark.scheduler.DAGScheduler.org$apache$spark$scheduler$DAGScheduler$$submitStage(DAGScheduler.scala:921)
org.apache.spark.scheduler.DAGScheduler.handleJobSubmitted(DAGScheduler.scala:861)
org.apache.spark.scheduler.DAGSchedulerEventProcessLoop.doOnReceive(DAGScheduler.scala:1607)
org.apache.spark.scheduler.DAGSchedulerEventProcessLoop.onReceive(DAGScheduler.scala:1599)
org.apache.spark.scheduler.DAGSchedulerEventProcessLoop.onReceive(DAGScheduler.scala:1588)
org.apache.spark.util.EventLoop$$anon$1.run(EventLoop.scala:48)

	at org.apache.spark.scheduler.DAGScheduler.org$apache$spark$scheduler$DAGScheduler$$failJobAndIndependentStages(DAGScheduler.scala:1431)
	at org.apache.spark.scheduler.DAGScheduler$$anonfun$abortStage$1.apply(DAGScheduler.scala:1419)
	at org.apache.spark.scheduler.DAGScheduler$$anonfun$abortStage$1.apply(DAGScheduler.scala:1418)
	at scala.collection.mutable.ResizableArray$class.foreach(ResizableArray.scala:59)
	at scala.collection.mutable.ArrayBuffer.foreach(ArrayBuffer.scala:47)
	at org.apache.spark.scheduler.DAGScheduler.abortStage(DAGScheduler.scala:1418)
	at org.apache.spark.scheduler.DAGScheduler.submitMissingTasks(DAGScheduler.scala:1016)
	at org.apache.spark.scheduler.DAGScheduler.org$apache$spark$scheduler$DAGScheduler$$submitStage(DAGScheduler.scala:921)
	at org.apache.spark.scheduler.DAGScheduler.handleJobSubmitted(DAGScheduler.scala:861)
	at org.apache.spark.scheduler.DAGSchedulerEventProcessLoop.doOnReceive(DAGScheduler.scala:1607)
	at org.apache.spark.scheduler.DAGSchedulerEventProcessLoop.onReceive(DAGScheduler.scala:1599)
	at org.apache.spark.scheduler.DAGSchedulerEventProcessLoop.onReceive(DAGScheduler.scala:1588)
	at org.apache.spark.util.EventLoop$$anon$1.run(EventLoop.scala:48)
	at org.apache.spark.scheduler.DAGScheduler.runJob(DAGScheduler.scala:620)
	at org.apache.spark.SparkContext.runJob(SparkContext.scala:1832)
	at org.apache.spark.SparkContext.runJob(SparkContext.scala:1952)
	at org.apache.spark.rdd.RDD$$anonfun$reduce$1.apply(RDD.scala:1025)
	at org.apache.spark.rdd.RDDOperationScope$.withScope(RDDOperationScope.scala:150)
	at org.apache.spark.rdd.RDDOperationScope$.withScope(RDDOperationScope.scala:111)
	at org.apache.spark.rdd.RDD.withScope(RDD.scala:316)
	at org.apache.spark.rdd.RDD.reduce(RDD.scala:1007)
	at learn.LoglossSpec$$anonfun$1.apply$mcV$sp(LoglossSpec.scala:42)
	at learn.LoglossSpec$$anonfun$1.apply(LoglossSpec.scala:37)
	at learn.LoglossSpec$$anonfun$1.apply(LoglossSpec.scala:37)
	at org.scalatest.Transformer$$anonfun$apply$1.apply$mcV$sp(Transformer.scala:22)
	at org.scalatest.OutcomeOf$class.outcomeOf(OutcomeOf.scala:85)
	at org.scalatest.OutcomeOf$.outcomeOf(OutcomeOf.scala:104)
	at org.scalatest.Transformer.apply(Transformer.scala:22)
	at org.scalatest.Transformer.apply(Transformer.scala:20)
	at org.scalatest.FlatSpecLike$$anon$1.apply(FlatSpecLike.scala:1647)
	at org.scalatest.Suite$class.withFixture(Suite.scala:1122)
	at org.scalatest.FlatSpec.withFixture(FlatSpec.scala:1683)
	at org.scalatest.FlatSpecLike$class.invokeWithFixture$1(FlatSpecLike.scala:1644)
	at org.scalatest.FlatSpecLike$$anonfun$runTest$1.apply(FlatSpecLike.scala:1656)
	at org.scalatest.FlatSpecLike$$anonfun$runTest$1.apply(FlatSpecLike.scala:1656)
	at org.scalatest.SuperEngine.runTestImpl(Engine.scala:306)
	at org.scalatest.FlatSpecLike$class.runTest(FlatSpecLike.scala:1656)
	at org.scalatest.FlatSpec.runTest(FlatSpec.scala:1683)
	at org.scalatest.FlatSpecLike$$anonfun$runTests$1.apply(FlatSpecLike.scala:1714)
	at org.scalatest.FlatSpecLike$$anonfun$runTests$1.apply(FlatSpecLike.scala:1714)
	at org.scalatest.SuperEngine$$anonfun$traverseSubNodes$1$1.apply(Engine.scala:413)
	at org.scalatest.SuperEngine$$anonfun$traverseSubNodes$1$1.apply(Engine.scala:401)
	at scala.collection.immutable.List.foreach(List.scala:318)
	at org.scalatest.SuperEngine.traverseSubNodes$1(Engine.scala:401)
	at org.scalatest.SuperEngine.org$scalatest$SuperEngine$$runTestsInBranch(Engine.scala:390)
	at org.scalatest.SuperEngine$$anonfun$traverseSubNodes$1$1.apply(Engine.scala:427)
	at org.scalatest.SuperEngine$$anonfun$traverseSubNodes$1$1.apply(Engine.scala:401)
	at scala.collection.immutable.List.foreach(List.scala:318)
	at org.scalatest.SuperEngine.traverseSubNodes$1(Engine.scala:401)
	at org.scalatest.SuperEngine.org$scalatest$SuperEngine$$runTestsInBranch(Engine.scala:396)
	at org.scalatest.SuperEngine.runTestsImpl(Engine.scala:483)
	at org.scalatest.FlatSpecLike$class.runTests(FlatSpecLike.scala:1714)
	at org.scalatest.FlatSpec.runTests(FlatSpec.scala:1683)
	at org.scalatest.Suite$class.run(Suite.scala:1424)
	at org.scalatest.FlatSpec.org$scalatest$FlatSpecLike$$super$run(FlatSpec.scala:1683)
	at org.scalatest.FlatSpecLike$$anonfun$run$1.apply(FlatSpecLike.scala:1760)
	at org.scalatest.FlatSpecLike$$anonfun$run$1.apply(FlatSpecLike.scala:1760)
	at org.scalatest.SuperEngine.runImpl(Engine.scala:545)
	at org.scalatest.FlatSpecLike$class.run(FlatSpecLike.scala:1760)
	at learn.LoglossSpec.org$scalatest$BeforeAndAfterAll$$super$run(LoglossSpec.scala:7)
	at org.scalatest.BeforeAndAfterAll$class.liftedTree1$1(BeforeAndAfterAll.scala:257)
	at org.scalatest.BeforeAndAfterAll$class.run(BeforeAndAfterAll.scala:256)
	at learn.LoglossSpec.run(LoglossSpec.scala:7)
	at org.scalatest.tools.Framework.org$scalatest$tools$Framework$$runSuite(Framework.scala:466)
	at org.scalatest.tools.Framework$ScalaTestTask.execute(Framework.scala:677)
	at sbt.TestRunner.runTest$1(TestFramework.scala:76)
	at sbt.TestRunner.run(TestFramework.scala:85)
	at sbt.TestFramework$$anon$2$$anonfun$$init$$1$$anonfun$apply$8.apply(TestFramework.scala:202)
	at sbt.TestFramework$$anon$2$$anonfun$$init$$1$$anonfun$apply$8.apply(TestFramework.scala:202)
	at sbt.TestFramework$.sbt$TestFramework$$withContextLoader(TestFramework.scala:185)
	at sbt.TestFramework$$anon$2$$anonfun$$init$$1.apply(TestFramework.scala:202)
	at sbt.TestFramework$$anon$2$$anonfun$$init$$1.apply(TestFramework.scala:202)
	at sbt.TestFunction.apply(TestFramework.scala:207)
	at sbt.Tests$$anonfun$9.apply(Tests.scala:216)
	at sbt.Tests$$anonfun$9.apply(Tests.scala:216)
	at sbt.std.Transform$$anon$3$$anonfun$apply$2.apply(System.scala:44)
	at sbt.std.Transform$$anon$3$$anonfun$apply$2.apply(System.scala:44)
	at sbt.std.Transform$$anon$4.work(System.scala:63)
	at sbt.Execute$$anonfun$submit$1$$anonfun$apply$1.apply(Execute.scala:226)
	at sbt.Execute$$anonfun$submit$1$$anonfun$apply$1.apply(Execute.scala:226)
	at sbt.ErrorHandling$.wideConvert(ErrorHandling.scala:17)
	at sbt.Execute.work(Execute.scala:235)
	at sbt.Execute$$anonfun$submit$1.apply(Execute.scala:226)
	at sbt.Execute$$anonfun$submit$1.apply(Execute.scala:226)
	at sbt.ConcurrentRestrictions$$anon$4$$anonfun$1.apply(ConcurrentRestrictions.scala:159)
	at sbt.CompletionService$$anon$2.call(CompletionService.scala:28)
	at java.util.concurrent.FutureTask.run(FutureTask.java:266)
	at java.util.concurrent.Executors$RunnableAdapter.call(Executors.java:511)
	at java.util.concurrent.FutureTask.run(FutureTask.java:266)
	at java.util.concurrent.ThreadPoolExecutor.runWorker(ThreadPoolExecutor.java:1142)
	at java.util.concurrent.ThreadPoolExecutor$Worker.run(ThreadPoolExecutor.java:617)
	at java.lang.Thread.run(Thread.java:745)
Caused by: java.lang.NullPointerException
	at org.apache.spark.broadcast.TorrentBroadcast.&lt;init&gt;(TorrentBroadcast.scala:80)
	at org.apache.spark.broadcast.TorrentBroadcastFactory.newBroadcast(TorrentBroadcastFactory.scala:34)
	at org.apache.spark.broadcast.BroadcastManager.newBroadcast(BroadcastManager.scala:63)
	at org.apache.spark.SparkContext.broadcast(SparkContext.scala:1326)
	at org.apache.spark.scheduler.DAGScheduler.submitMissingTasks(DAGScheduler.scala:1006)
	at org.apache.spark.scheduler.DAGScheduler.org$apache$spark$scheduler$DAGScheduler$$submitStage(DAGScheduler.scala:921)
	at org.apache.spark.scheduler.DAGScheduler.handleJobSubmitted(DAGScheduler.scala:861)
	at org.apache.spark.scheduler.DAGSchedulerEventProcessLoop.doOnReceive(DAGScheduler.scala:1607)
	at org.apache.spark.scheduler.DAGSchedulerEventProcessLoop.onReceive(DAGScheduler.scala:1599)
	at org.apache.spark.scheduler.DAGSchedulerEventProcessLoop.onReceive(DAGScheduler.scala:1588)
	at org.apache.spark.util.EventLoop$$anon$1.run(EventLoop.scala:48)
</failure>
                                               </testcase>
                     <system-out></system-out>
                     <system-err></system-err>
                   </testsuite>